app/build/intermediates/manifest_merge_blame_file/debug/processDebugMainManifest/manifest-merger-blame-debug-report.txt
1<?xml version="1.0" encoding="utf-8"?>
2<manifest xmlns:android="http://schemas.android.com/apk/res/android"
3    package="com.keyspirit"
4    android:versionCode="37"
5    android:versionName="1.9.1" >
6
7    <uses-sdk
8        android:minSdkVersion="24"
9        android:targetSdkVersion="34" />
10
11    <!-- 悬浮窗权限 -->
12    <uses-permission android:name="android.permission.SYSTEM_ALERT_WINDOW" />
12-->src/main/AndroidManifest.xml:6:5-78
12-->src/main/AndroidManifest.xml:6:22-75
13    <!-- 前台服务 -->
14    <uses-permission android:name="android.permission.FOREGROUND_SERVICE" />
14-->src/main/AndroidManifest.xml:8:5-77
14-->src/main/AndroidManifest.xml:8:22-74
15    <uses-permission android:name="android.permission.FOREGROUND_SERVICE_MEDIA_PROJECTION" />
15-->src/main/AndroidManifest.xml:9:5-94
15-->src/main/AndroidManifest.xml:9:22-91
16    <!-- 截屏（用于找图/找文字） -->
17    <uses-permission android:name="android.permission.FOREGROUND_SERVICE_SPECIAL_USE" />
17-->src/main/AndroidManifest.xml:11:5-89
17-->src/main/AndroidManifest.xml:11:22-86
18    <!-- 存储（保存截图到相册） -->
19    <uses-permission
19-->src/main/AndroidManifest.xml:13:5-14:38
20        android:name="android.permission.WRITE_EXTERNAL_STORAGE"
20-->src/main/AndroidManifest.xml:13:22-78
21        android:maxSdkVersion="28" />
21-->src/main/AndroidManifest.xml:14:9-35
22    <uses-permission
22-->src/main/AndroidManifest.xml:15:5-16:38
23        android:name="android.permission.READ_EXTERNAL_STORAGE"
23-->src/main/AndroidManifest.xml:15:22-77
24        android:maxSdkVersion="32" />
24-->src/main/AndroidManifest.xml:16:9-35
25    <!-- Android 13+ 读取图片/视频权限 -->
26    <uses-permission android:name="android.permission.READ_MEDIA_IMAGES" />
26-->src/main/AndroidManifest.xml:18:5-76
26-->src/main/AndroidManifest.xml:18:22-73
27    <!-- 震动反馈 -->
28    <uses-permission android:name="android.permission.VIBRATE" />
28-->src/main/AndroidManifest.xml:20:5-66
28-->src/main/AndroidManifest.xml:20:22-63
29    <!-- 唤醒锁 -->
30    <uses-permission android:name="android.permission.WAKE_LOCK" />
30-->src/main/AndroidManifest.xml:22:5-68
30-->src/main/AndroidManifest.xml:22:22-65
31    <!-- 通知 -->
32    <uses-permission android:name="android.permission.POST_NOTIFICATIONS" />
32-->src/main/AndroidManifest.xml:24:5-77
32-->src/main/AndroidManifest.xml:24:22-74
33
34    <permission
34-->[androidx.core:core:1.13.1] AndroidManifest.xml:22:5-24:47
35        android:name="com.keyspirit.DYNAMIC_RECEIVER_NOT_EXPORTED_PERMISSION"
35-->[androidx.core:core:1.13.1] AndroidManifest.xml:23:9-81
36        android:protectionLevel="signature" />
36-->[androidx.core:core:1.13.1] AndroidManifest.xml:24:9-44
37
38    <uses-permission android:name="com.keyspirit.DYNAMIC_RECEIVER_NOT_EXPORTED_PERMISSION" /> <!-- Although the *SdkVersion is captured in gradle build files, this is required for non gradle builds -->
38-->[androidx.core:core:1.13.1] AndroidManifest.xml:26:5-97
38-->[androidx.core:core:1.13.1] AndroidManifest.xml:26:22-94
39    <!-- <uses-sdk android:minSdkVersion="14"/> -->
40    <uses-permission android:name="android.permission.ACCESS_NETWORK_STATE" />
40-->[com.google.android.datatransport:transport-backend-cct:2.3.3] AndroidManifest.xml:25:5-79
40-->[com.google.android.datatransport:transport-backend-cct:2.3.3] AndroidManifest.xml:25:22-76
41    <uses-permission android:name="android.permission.INTERNET" />
41-->[com.google.android.datatransport:transport-backend-cct:2.3.3] AndroidManifest.xml:26:5-67
41-->[com.google.android.datatransport:transport-backend-cct:2.3.3] AndroidManifest.xml:26:22-64
42
43    <application
43-->src/main/AndroidManifest.xml:26:5-103:19
44        android:name="com.keyspirit.KeySpiritApp"
44-->src/main/AndroidManifest.xml:27:9-37
45        android:allowBackup="true"
45-->src/main/AndroidManifest.xml:28:9-35
46        android:appComponentFactory="androidx.core.app.CoreComponentFactory"
46-->[androidx.core:core:1.13.1] AndroidManifest.xml:28:18-86
47        android:debuggable="true"
48        android:extractNativeLibs="false"
49        android:icon="@mipmap/ic_launcher"
49-->src/main/AndroidManifest.xml:29:9-43
50        android:label="@string/app_name"
50-->src/main/AndroidManifest.xml:30:9-41
51        android:roundIcon="@mipmap/ic_launcher_round"
51-->src/main/AndroidManifest.xml:31:9-54
52        android:supportsRtl="true"
52-->src/main/AndroidManifest.xml:32:9-35
53        android:theme="@style/Theme.KeySpirit" >
53-->src/main/AndroidManifest.xml:33:9-47
54
55        <!-- 首页 -->
56        <activity
56-->src/main/AndroidManifest.xml:37:9-44:20
57            android:name="com.keyspirit.ui.MainActivity"
57-->src/main/AndroidManifest.xml:38:13-44
58            android:exported="true" >
58-->src/main/AndroidManifest.xml:39:13-36
59            <intent-filter>
59-->src/main/AndroidManifest.xml:40:13-43:29
60                <action android:name="android.intent.action.MAIN" />
60-->src/main/AndroidManifest.xml:41:17-69
60-->src/main/AndroidManifest.xml:41:25-66
61
62                <category android:name="android.intent.category.LAUNCHER" />
62-->src/main/AndroidManifest.xml:42:17-77
62-->src/main/AndroidManifest.xml:42:27-74
63            </intent-filter>
64        </activity>
65
66        <!-- 脚本编辑 -->
67        <activity
67-->src/main/AndroidManifest.xml:47:9-50:58
68            android:name="com.keyspirit.ui.ScriptEditActivity"
68-->src/main/AndroidManifest.xml:48:13-50
69            android:exported="false"
69-->src/main/AndroidManifest.xml:49:13-37
70            android:windowSoftInputMode="adjustResize" />
70-->src/main/AndroidManifest.xml:50:13-55
71
72        <!-- 设置 -->
73        <activity
73-->src/main/AndroidManifest.xml:53:9-55:40
74            android:name="com.keyspirit.ui.SettingsActivity"
74-->src/main/AndroidManifest.xml:54:13-48
75            android:exported="false" />
75-->src/main/AndroidManifest.xml:55:13-37
76
77        <!-- 坐标选取 -->
78        <activity
78-->src/main/AndroidManifest.xml:58:9-61:56
79            android:name="com.keyspirit.ui.CoordinatePickerActivity"
79-->src/main/AndroidManifest.xml:59:13-56
80            android:exported="false"
80-->src/main/AndroidManifest.xml:60:13-37
81            android:theme="@style/Theme.Transparent" />
81-->src/main/AndroidManifest.xml:61:13-53
82
83        <!-- 区域选取 -->
84        <activity
84-->src/main/AndroidManifest.xml:64:9-67:56
85            android:name="com.keyspirit.ui.RegionPickerActivity"
85-->src/main/AndroidManifest.xml:65:13-52
86            android:exported="false"
86-->src/main/AndroidManifest.xml:66:13-37
87            android:theme="@style/Theme.Transparent" />
87-->src/main/AndroidManifest.xml:67:13-53
88
89        <!-- 无障碍服务 -->
90        <service
90-->src/main/AndroidManifest.xml:70:9-81:19
91            android:name="com.keyspirit.service.AutoAccessibilityService"
91-->src/main/AndroidManifest.xml:71:13-61
92            android:exported="true"
92-->src/main/AndroidManifest.xml:72:13-36
93            android:label="@string/accessibility_service_label"
93-->src/main/AndroidManifest.xml:73:13-64
94            android:permission="android.permission.BIND_ACCESSIBILITY_SERVICE" >
94-->src/main/AndroidManifest.xml:74:13-79
95            <intent-filter>
95-->src/main/AndroidManifest.xml:75:13-77:29
96                <action android:name="android.accessibilityservice.AccessibilityService" />
96-->src/main/AndroidManifest.xml:76:17-92
96-->src/main/AndroidManifest.xml:76:25-89
97            </intent-filter>
98
99            <meta-data
99-->src/main/AndroidManifest.xml:78:13-80:72
100                android:name="android.accessibilityservice"
100-->src/main/AndroidManifest.xml:79:17-60
101                android:resource="@xml/accessibility_service_config" />
101-->src/main/AndroidManifest.xml:80:17-69
102        </service>
103
104        <!-- 悬浮窗服务 -->
105        <service
105-->src/main/AndroidManifest.xml:84:9-91:19
106            android:name="com.keyspirit.service.FloatingWindowService"
106-->src/main/AndroidManifest.xml:85:13-58
107            android:exported="false"
107-->src/main/AndroidManifest.xml:86:13-37
108            android:foregroundServiceType="specialUse" >
108-->src/main/AndroidManifest.xml:87:13-55
109            <property
109-->src/main/AndroidManifest.xml:88:13-90:81
110                android:name="android.app.PROPERTY_SPECIAL_USE_FGS_SUBTYPE"
110-->src/main/AndroidManifest.xml:89:17-76
111                android:value="Floating control panel for automation scripts" />
111-->src/main/AndroidManifest.xml:90:17-78
112        </service>
113
114        <!-- 截屏服务（用于找图/找文字） -->
115        <service
115-->src/main/AndroidManifest.xml:94:9-101:19
116            android:name="com.keyspirit.service.ScreenCaptureService"
116-->src/main/AndroidManifest.xml:95:13-57
117            android:exported="false"
117-->src/main/AndroidManifest.xml:96:13-37
118            android:foregroundServiceType="mediaProjection|specialUse" >
118-->src/main/AndroidManifest.xml:97:13-71
119            <property
119-->src/main/AndroidManifest.xml:88:13-90:81
120                android:name="android.app.PROPERTY_SPECIAL_USE_FGS_SUBTYPE"
120-->src/main/AndroidManifest.xml:89:17-76
121                android:value="Screen capture for image/text recognition in automation scripts" />
121-->src/main/AndroidManifest.xml:90:17-78
122        </service>
123        <service
123-->[com.google.android.gms:play-services-mlkit-text-recognition-common:19.1.0] AndroidManifest.xml:9:9-15:19
124            android:name="com.google.mlkit.common.internal.MlKitComponentDiscoveryService"
124-->[com.google.android.gms:play-services-mlkit-text-recognition-common:19.1.0] AndroidManifest.xml:10:13-91
125            android:directBootAware="true"
125-->[com.google.mlkit:common:18.11.0] AndroidManifest.xml:17:13-43
126            android:exported="false" >
126-->[com.google.android.gms:play-services-mlkit-text-recognition-common:19.1.0] AndroidManifest.xml:11:13-37
127            <meta-data
127-->[com.google.android.gms:play-services-mlkit-text-recognition-common:19.1.0] AndroidManifest.xml:12:13-14:85
128                android:name="com.google.firebase.components:com.google.mlkit.vision.text.internal.TextRegistrar"
128-->[com.google.android.gms:play-services-mlkit-text-recognition-common:19.1.0] AndroidManifest.xml:13:17-114
129                android:value="com.google.firebase.components.ComponentRegistrar" />
129-->[com.google.android.gms:play-services-mlkit-text-recognition-common:19.1.0] AndroidManifest.xml:14:17-82
130            <meta-data
130-->[com.google.mlkit:vision-common:17.3.0] AndroidManifest.xml:12:13-14:85
131                android:name="com.google.firebase.components:com.google.mlkit.vision.common.internal.VisionCommonRegistrar"
131-->[com.google.mlkit:vision-common:17.3.0] AndroidManifest.xml:13:17-124
132                android:value="com.google.firebase.components.ComponentRegistrar" />
132-->[com.google.mlkit:vision-common:17.3.0] AndroidManifest.xml:14:17-82
133            <meta-data
133-->[com.google.mlkit:common:18.11.0] AndroidManifest.xml:20:13-22:85
134                android:name="com.google.firebase.components:com.google.mlkit.common.internal.CommonComponentRegistrar"
134-->[com.google.mlkit:common:18.11.0] AndroidManifest.xml:21:17-120
135                android:value="com.google.firebase.components.ComponentRegistrar" />
135-->[com.google.mlkit:common:18.11.0] AndroidManifest.xml:22:17-82
136        </service>
137
138        <provider
138-->[com.google.mlkit:common:18.11.0] AndroidManifest.xml:9:9-13:38
139            android:name="com.google.mlkit.common.internal.MlKitInitProvider"
139-->[com.google.mlkit:common:18.11.0] AndroidManifest.xml:10:13-78
140            android:authorities="com.keyspirit.mlkitinitprovider"
140-->[com.google.mlkit:common:18.11.0] AndroidManifest.xml:11:13-69
141            android:exported="false"
141-->[com.google.mlkit:common:18.11.0] AndroidManifest.xml:12:13-37
142            android:initOrder="99" />
142-->[com.google.mlkit:common:18.11.0] AndroidManifest.xml:13:13-35
143        <provider
143-->[androidx.emoji2:emoji2:1.3.0] AndroidManifest.xml:24:9-32:20
144            android:name="androidx.startup.InitializationProvider"
144-->[androidx.emoji2:emoji2:1.3.0] AndroidManifest.xml:25:13-67
145            android:authorities="com.keyspirit.androidx-startup"
145-->[androidx.emoji2:emoji2:1.3.0] AndroidManifest.xml:26:13-68
146            android:exported="false" >
146-->[androidx.emoji2:emoji2:1.3.0] AndroidManifest.xml:27:13-37
147            <meta-data
147-->[androidx.emoji2:emoji2:1.3.0] AndroidManifest.xml:29:13-31:52
148                android:name="androidx.emoji2.text.EmojiCompatInitializer"
148-->[androidx.emoji2:emoji2:1.3.0] AndroidManifest.xml:30:17-75
149                android:value="androidx.startup" />
149-->[androidx.emoji2:emoji2:1.3.0] AndroidManifest.xml:31:17-49
150            <meta-data
150-->[androidx.lifecycle:lifecycle-process:2.6.2] AndroidManifest.xml:29:13-31:52
151                android:name="androidx.lifecycle.ProcessLifecycleInitializer"
151-->[androidx.lifecycle:lifecycle-process:2.6.2] AndroidManifest.xml:30:17-78
152                android:value="androidx.startup" />
152-->[androidx.lifecycle:lifecycle-process:2.6.2] AndroidManifest.xml:31:17-49
153            <meta-data
153-->[androidx.profileinstaller:profileinstaller:1.3.1] AndroidManifest.xml:29:13-31:52
154                android:name="androidx.profileinstaller.ProfileInstallerInitializer"
154-->[androidx.profileinstaller:profileinstaller:1.3.1] AndroidManifest.xml:30:17-85
155                android:value="androidx.startup" />
155-->[androidx.profileinstaller:profileinstaller:1.3.1] AndroidManifest.xml:31:17-49
156        </provider>
157
158        <activity
158-->[com.google.android.gms:play-services-base:18.5.0] AndroidManifest.xml:5:9-173
159            android:name="com.google.android.gms.common.api.GoogleApiActivity"
159-->[com.google.android.gms:play-services-base:18.5.0] AndroidManifest.xml:5:19-85
160            android:exported="false"
160-->[com.google.android.gms:play-services-base:18.5.0] AndroidManifest.xml:5:146-170
161            android:theme="@android:style/Theme.Translucent.NoTitleBar" />
161-->[com.google.android.gms:play-services-base:18.5.0] AndroidManifest.xml:5:86-145
162
163        <meta-data
163-->[com.google.android.gms:play-services-basement:18.4.0] AndroidManifest.xml:6:9-122
164            android:name="com.google.android.gms.version"
164-->[com.google.android.gms:play-services-basement:18.4.0] AndroidManifest.xml:6:20-65
165            android:value="@integer/google_play_services_version" />
165-->[com.google.android.gms:play-services-basement:18.4.0] AndroidManifest.xml:6:66-119
166
167        <receiver
167-->[androidx.profileinstaller:profileinstaller:1.3.1] AndroidManifest.xml:34:9-52:20
168            android:name="androidx.profileinstaller.ProfileInstallReceiver"
168-->[androidx.profileinstaller:profileinstaller:1.3.1] AndroidManifest.xml:35:13-76
169            android:directBootAware="false"
169-->[androidx.profileinstaller:profileinstaller:1.3.1] AndroidManifest.xml:36:13-44
170            android:enabled="true"
170-->[androidx.profileinstaller:profileinstaller:1.3.1] AndroidManifest.xml:37:13-35
171            android:exported="true"
171-->[androidx.profileinstaller:profileinstaller:1.3.1] AndroidManifest.xml:38:13-36
172            android:permission="android.permission.DUMP" >
172-->[androidx.profileinstaller:profileinstaller:1.3.1] AndroidManifest.xml:39:13-57
173            <intent-filter>
173-->[androidx.profileinstaller:profileinstaller:1.3.1] AndroidManifest.xml:40:13-42:29
174                <action android:name="androidx.profileinstaller.action.INSTALL_PROFILE" />
174-->[androidx.profileinstaller:profileinstaller:1.3.1] AndroidManifest.xml:41:17-91
174-->[androidx.profileinstaller:profileinstaller:1.3.1] AndroidManifest.xml:41:25-88
175            </intent-filter>
176            <intent-filter>
176-->[androidx.profileinstaller:profileinstaller:1.3.1] AndroidManifest.xml:43:13-45:29
177                <action android:name="androidx.profileinstaller.action.SKIP_FILE" />
177-->[androidx.profileinstaller:profileinstaller:1.3.1] AndroidManifest.xml:44:17-85
177-->[androidx.profileinstaller:profileinstaller:1.3.1] AndroidManifest.xml:44:25-82
178            </intent-filter>
179            <intent-filter>
179-->[androidx.profileinstaller:profileinstaller:1.3.1] AndroidManifest.xml:46:13-48:29
180                <action android:name="androidx.profileinstaller.action.SAVE_PROFILE" />
180-->[androidx.profileinstaller:profileinstaller:1.3.1] AndroidManifest.xml:47:17-88
180-->[androidx.profileinstaller:profileinstaller:1.3.1] AndroidManifest.xml:47:25-85
181            </intent-filter>
182            <intent-filter>
182-->[androidx.profileinstaller:profileinstaller:1.3.1] AndroidManifest.xml:49:13-51:29
183                <action android:name="androidx.profileinstaller.action.BENCHMARK_OPERATION" />
183-->[androidx.profileinstaller:profileinstaller:1.3.1] AndroidManifest.xml:50:17-95
183-->[androidx.profileinstaller:profileinstaller:1.3.1] AndroidManifest.xml:50:25-92
184            </intent-filter>
185        </receiver>
186
187        <service
187-->[com.google.android.datatransport:transport-backend-cct:2.3.3] AndroidManifest.xml:29:9-35:19
188            android:name="com.google.android.datatransport.runtime.backends.TransportBackendDiscovery"
188-->[com.google.android.datatransport:transport-backend-cct:2.3.3] AndroidManifest.xml:30:13-103
189            android:exported="false" >
189-->[com.google.android.datatransport:transport-backend-cct:2.3.3] AndroidManifest.xml:31:13-37
190            <meta-data
190-->[com.google.android.datatransport:transport-backend-cct:2.3.3] AndroidManifest.xml:32:13-34:39
191                android:name="backend:com.google.android.datatransport.cct.CctBackendFactory"
191-->[com.google.android.datatransport:transport-backend-cct:2.3.3] AndroidManifest.xml:33:17-94
192                android:value="cct" />
192-->[com.google.android.datatransport:transport-backend-cct:2.3.3] AndroidManifest.xml:34:17-36
193        </service>
194        <service
194-->[com.google.android.datatransport:transport-runtime:2.2.6] AndroidManifest.xml:26:9-30:19
195            android:name="com.google.android.datatransport.runtime.scheduling.jobscheduling.JobInfoSchedulerService"
195-->[com.google.android.datatransport:transport-runtime:2.2.6] AndroidManifest.xml:27:13-117
196            android:exported="false"
196-->[com.google.android.datatransport:transport-runtime:2.2.6] AndroidManifest.xml:28:13-37
197            android:permission="android.permission.BIND_JOB_SERVICE" >
197-->[com.google.android.datatransport:transport-runtime:2.2.6] AndroidManifest.xml:29:13-69
198        </service>
199
200        <receiver
200-->[com.google.android.datatransport:transport-runtime:2.2.6] AndroidManifest.xml:32:9-34:40
201            android:name="com.google.android.datatransport.runtime.scheduling.jobscheduling.AlarmManagerSchedulerBroadcastReceiver"
201-->[com.google.android.datatransport:transport-runtime:2.2.6] AndroidManifest.xml:33:13-132
202            android:exported="false" />
202-->[com.google.android.datatransport:transport-runtime:2.2.6] AndroidManifest.xml:34:13-37
203    </application>
204
205</manifest>